<?xml version="1.0" encoding="UTF-8"?>
<testng-results ignored="0" total="1" passed="1" failed="0" skipped="0">
  <reporter-output>
  </reporter-output>
  <suite started-at="2023-10-08T15:16:32 EDT" name="Default suite" finished-at="2023-10-08T15:16:37 EDT" duration-ms="4527">
    <groups>
    </groups>
    <test started-at="2023-10-08T15:16:32 EDT" name="Default test" finished-at="2023-10-08T15:16:37 EDT" duration-ms="4527">
      <class name="restAssured.RestAssuredTest$GetTest">
        <test-method signature="postMethod()[pri:0, instance:restAssured.RestAssuredTest$GetTest@70325e14]" started-at="2023-10-08T15:16:32 EDT" name="postMethod" finished-at="2023-10-08T15:16:37 EDT" duration-ms="4475" status="PASS">
          <reporter-output>
          </reporter-output>
        </test-method> <!-- postMethod -->
      </class> <!-- restAssured.RestAssuredTest$GetTest -->
    </test> <!-- Default test -->
  </suite> <!-- Default suite -->
</testng-results>
